\BOOKMARK [0][-]{chapter.1}{Einleitung}{}% 1
\BOOKMARK [1][-]{section.1.1}{Motivation}{chapter.1}% 2
\BOOKMARK [1][-]{section.1.2}{Kontext}{chapter.1}% 3
\BOOKMARK [0][-]{chapter.2}{Anforderungen}{}% 4
\BOOKMARK [1][-]{section.2.1}{Funktionale Anforderungen}{chapter.2}% 5
\BOOKMARK [2][-]{subsection.2.1.1}{Spieltyp}{section.2.1}% 6
\BOOKMARK [2][-]{subsection.2.1.2}{Spielmodi}{section.2.1}% 7
\BOOKMARK [2][-]{subsection.2.1.3}{Einstellungsm\366glichkeiten}{section.2.1}% 8
\BOOKMARK [2][-]{subsection.2.1.4}{Gespeichertes Spiel}{section.2.1}% 9
\BOOKMARK [2][-]{subsection.2.1.5}{Statistiken}{section.2.1}% 10
\BOOKMARK [2][-]{subsection.2.1.6}{Galerie}{section.2.1}% 11
\BOOKMARK [2][-]{subsection.2.1.7}{Kartendecks}{section.2.1}% 12
\BOOKMARK [2][-]{subsection.2.1.8}{Serverkommunikation}{section.2.1}% 13
\BOOKMARK [1][-]{section.2.2}{Nicht-funktionale Anforderungen}{chapter.2}% 14
\BOOKMARK [2][-]{subsection.2.2.1}{Material Design}{section.2.2}% 15
\BOOKMARK [2][-]{subsection.2.2.2}{Gestensteuerung}{section.2.2}% 16
\BOOKMARK [2][-]{subsection.2.2.3}{Animationen}{section.2.2}% 17
\BOOKMARK [2][-]{subsection.2.2.4}{Offline-Szenario}{section.2.2}% 18
\BOOKMARK [0][-]{chapter.3}{Architektur}{}% 19
\BOOKMARK [1][-]{section.3.1}{Besonderheiten in Android}{chapter.3}% 20
\BOOKMARK [2][-]{subsection.3.1.1}{Activity Lifecycle}{section.3.1}% 21
\BOOKMARK [2][-]{subsection.3.1.2}{Layouts und Views}{section.3.1}% 22
\BOOKMARK [2][-]{subsection.3.1.3}{Kommunikation zwischen Activities}{section.3.1}% 23
\BOOKMARK [2][-]{subsection.3.1.4}{Activities in FancyQuartett}{section.3.1}% 24
\BOOKMARK [1][-]{section.3.2}{Datenmodell}{chapter.3}% 25
\BOOKMARK [1][-]{section.3.3}{Netzwerkfunktionen}{chapter.3}% 26
\BOOKMARK [0][-]{chapter.4}{Implementierung}{}% 27
\BOOKMARK [1][-]{section.4.1}{Vorgehensweise}{chapter.4}% 28
\BOOKMARK [1][-]{section.4.2}{Datenhaltung}{chapter.4}% 29
\BOOKMARK [1][-]{section.4.3}{Datenverarbeitung}{chapter.4}% 30
\BOOKMARK [1][-]{section.4.4}{Spiellogik}{chapter.4}% 31
\BOOKMARK [1][-]{section.4.5}{Views}{chapter.4}% 32
\BOOKMARK [0][-]{chapter.5}{Zusammenfassung \046 Fazit}{}% 33
\BOOKMARK [1][-]{section.5.1}{Was war schwer?}{chapter.5}% 34
\BOOKMARK [1][-]{section.5.2}{Was war leicht?}{chapter.5}% 35
\BOOKMARK [1][-]{section.5.3}{Fazit}{chapter.5}% 36
