This is pdfTeX, Version 3.14159265-2.6-1.40.16 (TeX Live 2015) (preloaded format=pdflatex 2015.10.19)  22 MAR 2016 17:15
entering extended mode
 restricted \write18 enabled.
 file:line:error style messages enabled.
 %&-line parsing enabled.
**implementierung.tex
(./implementierung.tex
LaTeX2e <2015/01/01>
Babel <3.9l> and hyphenation patterns for 21 languages loaded.
./implementierung.tex:1: Undefined control sequence.
l.1 \chapter
            {Implementierung}
? 
./implementierung.tex:1: Emergency stop.
l.1 \chapter
            {Implementierung}
End of file on the terminal!

 
Here is how much of TeX's memory you used:
 5 strings out of 494501
 159 string characters out of 6167029
 47480 words of memory out of 5000000
 3386 multiletter control sequences out of 15000+600000
 3640 words of font info for 14 fonts, out of 8000000 for 9000
 319 hyphenation exceptions out of 8191
 5i,0n,1p,47b,8s stack positions out of 5000i,500n,10000p,200000b,80000s
./implementierung.tex:1:  ==> Fatal error occurred, no output PDF file produced
!
